<?xml version="1.0" encoding="UTF-8"?>
<robot generator="Robot 5.0 (Python 3.8.9 on darwin)" generated="20220512 15:14:11.866" rpa="true" schemaversion="3">
<suite id="s1" name="Tasks" source="/Users/fr4nk/robot/tasks.robot">
<test id="s1-t1" name="Minimal task" line="6">
<kw name="Log" library="BuiltIn">
<arg>Done.</arg>
<doc>Logs the given message with the given level.</doc>
<msg timestamp="20220512 15:14:11.874" level="INFO">Done.</msg>
<status status="PASS" starttime="20220512 15:14:11.874" endtime="20220512 15:14:11.874"/>
</kw>
<status status="PASS" starttime="20220512 15:14:11.874" endtime="20220512 15:14:11.874"/>
</test>
<doc>Template robot main suite.</doc>
<status status="PASS" starttime="20220512 15:14:11.867" endtime="20220512 15:14:11.875"/>
</suite>
<statistics>
<total>
<stat pass="1" fail="0" skip="0">All Tasks</stat>
</total>
<tag>
</tag>
<suite>
<stat pass="1" fail="0" skip="0" id="s1" name="Tasks">Tasks</stat>
</suite>
</statistics>
<errors>
</errors>
</robot>
